<?xml version="1.0" encoding="UTF-8"?>
<testng-results skipped="0" failed="0" total="1" passed="1">
  <reporter-output>
  </reporter-output>
  <suite name="Default suite" duration-ms="27618" started-at="2016-04-07T10:44:46Z" finished-at="2016-04-07T10:45:14Z">
    <groups>
    </groups>
    <test name="Default test" duration-ms="27618" started-at="2016-04-07T10:44:46Z" finished-at="2016-04-07T10:45:14Z">
      <class name="tests.ManageAdvertiseTests">
        <test-method status="PASS" signature="SetUp()[pri:0, instance:tests.ManageAdvertiseTests@49e4cb85]" name="SetUp" is-config="true" duration-ms="8499" started-at="2016-04-07T13:44:46Z" finished-at="2016-04-07T13:44:55Z">
          <reporter-output>
          </reporter-output>
        </test-method> <!-- SetUp -->
        <test-method status="PASS" signature="RemoveLiveAd()[pri:0, instance:tests.ManageAdvertiseTests@49e4cb85]" name="RemoveLiveAd" duration-ms="19103" started-at="2016-04-07T13:44:55Z" finished-at="2016-04-07T13:45:14Z">
          <reporter-output>
          </reporter-output>
        </test-method> <!-- RemoveLiveAd -->
      </class> <!-- tests.ManageAdvertiseTests -->
    </test> <!-- Default test -->
  </suite> <!-- Default suite -->
</testng-results>
